Arguments: 
  /usr/local/bin/node /usr/local/bin/yarn install

PATH: 
  /usr/local/sbin:/usr/local/bin:/usr/sbin:/usr/bin:/sbin:/bin:/snap/bin

Yarn version: 
  1.3.2

Node version: 
  6.11.4

Platform: 
  linux x64

npm manifest: 
  {
    "name": "mare",
    "version": "0.0.0",
    "description": "Hello Expo!",
    "author": null,
    "private": true,
    "main": "node_modules/expo/AppEntry.js",
    "dependencies": {
      "expo": "^22.0.0",
      "native-base": "^2.3.3",
      "radio-button-react-native": "^1.1.6",
      "react": "16.0.0-beta.5",
      "react-native": "https://github.com/expo/react-native/archive/sdk-22.0.1.tar.gz",
      "react-native-flexi-radio-button": "^0.2.2",
      "react-native-list-view-select": "^1.0.4",
      "react-native-modal-picker": "0.0.16",
      "react-native-simple-radio-button": "^2.7.0",
      "react-native-star-rating": "^1.0.8",
      "react-native-swiper": "^1.5.13",
      "react-native-switch": "^1.3.0",
      "react-navigation": "^1.0.0-beta.19"
    },
    "jest": {
      "preset": "jest-expo"
    },
    "rnpm": {
      "assets": [
        "./assets/fonts/"
      ]
    }
  
  }

yarn manifest: 
  No manifest

Lockfile: 
  No lockfile

Trace: 
  Error: https://github.com/expo/react-native/archive/sdk-22.0.1.tar.gz: EISDIR: illegal operation on a directory, open '/usr/local/share/.cache/yarn/v1/.tmp/0c35504992ec0ec8dfdf389eaf675120/'
      at Error (native)
